Started GET "/books" for 127.0.0.1 at 2018-05-16 13:58:51 +0200
  
ActiveRecord::PendingMigrationError (

Migrations are pending. To resolve this issue, run:

        bin/rails db:migrate RAILS_ENV=development

):
  
activerecord (5.2.0) lib/active_record/migration.rb:579:in `check_pending!'
activerecord (5.2.0) lib/active_record/migration.rb:556:in `call'
actionpack (5.2.0) lib/action_dispatch/middleware/callbacks.rb:28:in `block in call'
activesupport (5.2.0) lib/active_support/callbacks.rb:98:in `run_callbacks'
actionpack (5.2.0) lib/action_dispatch/middleware/callbacks.rb:26:in `call'
actionpack (5.2.0) lib/action_dispatch/middleware/executor.rb:14:in `call'
actionpack (5.2.0) lib/action_dispatch/middleware/debug_exceptions.rb:61:in `call'
web-console (3.6.0) lib/web_console/middleware.rb:137:in `call_app'
web-console (3.6.0) lib/web_console/middleware.rb:30:in `block in call'
web-console (3.6.0) lib/web_console/middleware.rb:20:in `catch'
web-console (3.6.0) lib/web_console/middleware.rb:20:in `call'
actionpack (5.2.0) lib/action_dispatch/middleware/show_exceptions.rb:33:in `call'
railties (5.2.0) lib/rails/rack/logger.rb:38:in `call_app'
railties (5.2.0) lib/rails/rack/logger.rb:26:in `block in call'
activesupport (5.2.0) lib/active_support/tagged_logging.rb:71:in `block in tagged'
activesupport (5.2.0) lib/active_support/tagged_logging.rb:28:in `tagged'
activesupport (5.2.0) lib/active_support/tagged_logging.rb:71:in `tagged'
railties (5.2.0) lib/rails/rack/logger.rb:26:in `call'
sprockets-rails (3.2.1) lib/sprockets/rails/quiet_assets.rb:13:in `call'
actionpack (5.2.0) lib/action_dispatch/middleware/remote_ip.rb:81:in `call'
actionpack (5.2.0) lib/action_dispatch/middleware/request_id.rb:27:in `call'
rack (2.0.4) lib/rack/method_override.rb:22:in `call'
rack (2.0.4) lib/rack/runtime.rb:22:in `call'
activesupport (5.2.0) lib/active_support/cache/strategy/local_cache_middleware.rb:29:in `call'
actionpack (5.2.0) lib/action_dispatch/middleware/executor.rb:14:in `call'
actionpack (5.2.0) lib/action_dispatch/middleware/static.rb:127:in `call'
rack (2.0.4) lib/rack/sendfile.rb:111:in `call'
railties (5.2.0) lib/rails/engine.rb:524:in `call'
puma (3.11.3) lib/puma/configuration.rb:225:in `call'
puma (3.11.3) lib/puma/server.rb:624:in `handle_request'
puma (3.11.3) lib/puma/server.rb:438:in `process_client'
puma (3.11.3) lib/puma/server.rb:302:in `block in run'
puma (3.11.3) lib/puma/thread_pool.rb:120:in `block in spawn_thread'
  [1m[35m (0.1ms)[0m  [1m[34mSELECT sqlite_version(*)[0m
  ↳ bin/rails:9
  [1m[35m (37.1ms)[0m  [1m[35mCREATE TABLE "schema_migrations" ("version" varchar NOT NULL PRIMARY KEY)[0m
  ↳ bin/rails:9
  [1m[35m (11.9ms)[0m  [1m[35mCREATE TABLE "ar_internal_metadata" ("key" varchar NOT NULL PRIMARY KEY, "value" varchar, "created_at" datetime NOT NULL, "updated_at" datetime NOT NULL)[0m
  ↳ bin/rails:9
  [1m[35m (0.5ms)[0m  [1m[34mSELECT "schema_migrations"."version" FROM "schema_migrations" ORDER BY "schema_migrations"."version" ASC[0m
  ↳ bin/rails:9
Migrating to CreateBooks (20180410201931)
  [1m[35m (0.2ms)[0m  [1m[36mbegin transaction[0m
  ↳ bin/rails:9
  [1m[35m (10.4ms)[0m  [1m[35mCREATE TABLE "books" ("id" integer PRIMARY KEY AUTOINCREMENT NOT NULL, "title" varchar, "author" varchar, "genre" varchar, "year" integer, "description" text, "created_at" datetime NOT NULL, "updated_at" datetime NOT NULL)[0m
  ↳ db/migrate/20180410201931_create_books.rb:3
  [1m[36mActiveRecord::SchemaMigration Create (0.6ms)[0m  [1m[32mINSERT INTO "schema_migrations" ("version") VALUES (?)[0m  [["version", "20180410201931"]]
  ↳ bin/rails:9
  [1m[35m (13.5ms)[0m  [1m[36mcommit transaction[0m
  ↳ bin/rails:9
  [1m[36mActiveRecord::InternalMetadata Load (0.3ms)[0m  [1m[34mSELECT  "ar_internal_metadata".* FROM "ar_internal_metadata" WHERE "ar_internal_metadata"."key" = ? LIMIT ?[0m  [["key", "environment"], ["LIMIT", 1]]
  ↳ bin/rails:9
  [1m[35m (0.1ms)[0m  [1m[36mbegin transaction[0m
  ↳ bin/rails:9
  [1m[36mActiveRecord::InternalMetadata Create (0.8ms)[0m  [1m[32mINSERT INTO "ar_internal_metadata" ("key", "value", "created_at", "updated_at") VALUES (?, ?, ?, ?)[0m  [["key", "environment"], ["value", "development"], ["created_at", "2018-05-16 11:59:20.046791"], ["updated_at", "2018-05-16 11:59:20.046791"]]
  ↳ bin/rails:9
  [1m[35m (8.6ms)[0m  [1m[36mcommit transaction[0m
  ↳ bin/rails:9
  [1m[35m (0.2ms)[0m  [1m[34mSELECT "schema_migrations"."version" FROM "schema_migrations" ORDER BY "schema_migrations"."version" ASC[0m
  ↳ bin/rails:9
  [1m[35m (0.2ms)[0m  [1m[34mSELECT "schema_migrations"."version" FROM "schema_migrations" ORDER BY "schema_migrations"."version" ASC[0m
  ↳ bin/rails:9
  [1m[36mActiveRecord::InternalMetadata Load (0.2ms)[0m  [1m[34mSELECT  "ar_internal_metadata".* FROM "ar_internal_metadata" WHERE "ar_internal_metadata"."key" = ? LIMIT ?[0m  [["key", "environment"], ["LIMIT", 1]]
  ↳ bin/rails:9
  [1m[35m (0.1ms)[0m  [1m[36mbegin transaction[0m
  ↳ bin/rails:9
  [1m[35m (0.1ms)[0m  [1m[36mcommit transaction[0m
  ↳ bin/rails:9
  [1m[35m (0.2ms)[0m  [1m[34mSELECT "schema_migrations"."version" FROM "schema_migrations" ORDER BY "schema_migrations"."version" ASC[0m
  ↳ bin/rails:9
Started GET "/books" for 127.0.0.1 at 2018-05-16 14:00:11 +0200
  [1m[35m (0.3ms)[0m  [1m[34mSELECT "schema_migrations"."version" FROM "schema_migrations" ORDER BY "schema_migrations"."version" ASC[0m
  ↳ /home/sk/.rvm/gems/ruby-2.5.0/gems/activerecord-5.2.0/lib/active_record/log_subscriber.rb:98
Processing by BooksController#index as HTML
  Rendering books/index.html.erb within layouts/application
  [1m[36mBook Load (0.5ms)[0m  [1m[34mSELECT  "books".* FROM "books" ORDER BY title asc LIMIT ? OFFSET ?[0m  [["LIMIT", 5], ["OFFSET", 0]]
  ↳ app/views/books/index.html.erb:28
  Rendered books/index.html.erb within layouts/application (37.9ms)
Completed 200 OK in 6090ms (Views: 6061.2ms | ActiveRecord: 1.7ms)


Started GET "/books?utf8=%E2%9C%93&toSearch=asd" for 127.0.0.1 at 2018-05-16 14:00:24 +0200
Processing by BooksController#index as HTML
  Parameters: {"utf8"=>"✓", "toSearch"=>"asd"}
  Rendering books/index.html.erb within layouts/application
  [1m[36mBook Load (0.4ms)[0m  [1m[34mSELECT  "books".* FROM "books" WHERE (title LIKE '%asd%' OR genre LIKE '%asd%' OR author LIKE '%asd%') LIMIT ? OFFSET ?[0m  [["LIMIT", 5], ["OFFSET", 0]]
  ↳ app/views/books/index.html.erb:28
  Rendered books/index.html.erb within layouts/application (6.3ms)
Completed 200 OK in 97ms (Views: 93.6ms | ActiveRecord: 0.4ms)


Started GET "/books/new" for 127.0.0.1 at 2018-05-16 14:00:26 +0200
Processing by BooksController#new as HTML
  Rendering books/new.html.erb within layouts/application
  Rendered books/_form.html.erb (71.2ms)
  Rendered books/new.html.erb within layouts/application (74.1ms)
Completed 200 OK in 203ms (Views: 165.4ms | ActiveRecord: 0.7ms)


Started POST "/books" for 127.0.0.1 at 2018-05-16 14:00:43 +0200
Processing by BooksController#create as HTML
  Parameters: {"utf8"=>"✓", "authenticity_token"=>"M4uHZnXUGOGhz3CLKOBnomn6ywZXtyDQ/lD+6DR7esVEdkJoy5ekBVJCA3oCVzX2IjUcQMULz3x+/IYDA+3D3g==", "book"=>{"title"=>"Title", "author"=>"Author", "genre"=>"Math", "year"=>"12389", "description"=>"asdasd"}, "commit"=>"Save"}
  [1m[35m (0.1ms)[0m  [1m[36mbegin transaction[0m
  ↳ app/controllers/books_controller.rb:35
  [1m[35m (0.1ms)[0m  [1m[31mrollback transaction[0m
  ↳ app/controllers/books_controller.rb:35
  Rendering books/new.html.erb within layouts/application
  Rendered books/_form.html.erb (8.2ms)
  Rendered books/new.html.erb within layouts/application (12.3ms)
Completed 200 OK in 57ms (Views: 51.4ms | ActiveRecord: 0.2ms)


Started POST "/books" for 127.0.0.1 at 2018-05-16 14:00:49 +0200
Processing by BooksController#create as HTML
  Parameters: {"utf8"=>"✓", "authenticity_token"=>"ueb6Dcg3EwJrmH6syZNuNBctmlepNKJ3tCkv9JQdUvuXf5PlyEPkq5+tE4TAGjjQhsDp1Gpnw9wAoxg4EQuV8A==", "book"=>{"title"=>"Title", "author"=>"Author", "genre"=>"Math", "year"=>"1238", "description"=>"asdasd"}, "commit"=>"Save"}
  [1m[35m (0.2ms)[0m  [1m[36mbegin transaction[0m
  ↳ app/controllers/books_controller.rb:35
  [1m[36mBook Create (4.3ms)[0m  [1m[32mINSERT INTO "books" ("title", "author", "genre", "year", "description", "created_at", "updated_at") VALUES (?, ?, ?, ?, ?, ?, ?)[0m  [["title", "Title"], ["author", "Author"], ["genre", "Math"], ["year", 1238], ["description", "asdasd"], ["created_at", "2018-05-16 12:00:49.019966"], ["updated_at", "2018-05-16 12:00:49.019966"]]
  ↳ app/controllers/books_controller.rb:35
  [1m[35m (38.4ms)[0m  [1m[36mcommit transaction[0m
  ↳ app/controllers/books_controller.rb:35
Redirected to http://localhost:3000/books/1
Completed 302 Found in 53ms (ActiveRecord: 42.8ms)


Started GET "/books/1" for 127.0.0.1 at 2018-05-16 14:00:49 +0200
Processing by BooksController#show as HTML
  Parameters: {"id"=>"1"}
  [1m[36mBook Load (0.3ms)[0m  [1m[34mSELECT  "books".* FROM "books" WHERE "books"."id" = ? LIMIT ?[0m  [["id", 1], ["LIMIT", 1]]
  ↳ app/controllers/books_controller.rb:72
  Rendering books/show.html.erb within layouts/application
  Rendered books/show.html.erb within layouts/application (1.1ms)
Completed 200 OK in 134ms (Views: 103.0ms | ActiveRecord: 0.3ms)


Started GET "/books" for 127.0.0.1 at 2018-05-16 14:00:51 +0200
Processing by BooksController#index as HTML
  Rendering books/index.html.erb within layouts/application
  [1m[36mBook Load (0.5ms)[0m  [1m[34mSELECT  "books".* FROM "books" ORDER BY title asc LIMIT ? OFFSET ?[0m  [["LIMIT", 5], ["OFFSET", 0]]
  ↳ app/views/books/index.html.erb:28
  [1m[36mBook Load (0.3ms)[0m  [1m[34mSELECT  "books".* FROM "books" ORDER BY title asc LIMIT ? OFFSET ?[0m  [["LIMIT", 1], ["OFFSET", 0]]
  ↳ app/views/books/index.html.erb:45
  Rendered books/index.html.erb within layouts/application (25.6ms)
Completed 200 OK in 71ms (Views: 68.7ms | ActiveRecord: 0.8ms)


Started GET "/books/1" for 127.0.0.1 at 2018-05-16 14:00:54 +0200
Processing by BooksController#show as HTML
  Parameters: {"id"=>"1"}
  [1m[36mBook Load (0.3ms)[0m  [1m[34mSELECT  "books".* FROM "books" WHERE "books"."id" = ? LIMIT ?[0m  [["id", 1], ["LIMIT", 1]]
  ↳ app/controllers/books_controller.rb:72
  Rendering books/show.html.erb within layouts/application
  Rendered books/show.html.erb within layouts/application (2.3ms)
Completed 200 OK in 71ms (Views: 68.5ms | ActiveRecord: 0.3ms)


Started GET "/books" for 127.0.0.1 at 2018-05-16 14:00:55 +0200
Processing by BooksController#index as HTML
  Rendering books/index.html.erb within layouts/application
  [1m[36mBook Load (0.5ms)[0m  [1m[34mSELECT  "books".* FROM "books" ORDER BY title asc LIMIT ? OFFSET ?[0m  [["LIMIT", 5], ["OFFSET", 0]]
  ↳ app/views/books/index.html.erb:28
  [1m[36mBook Load (0.3ms)[0m  [1m[34mSELECT  "books".* FROM "books" ORDER BY title asc LIMIT ? OFFSET ?[0m  [["LIMIT", 1], ["OFFSET", 0]]
  ↳ app/views/books/index.html.erb:45
  Rendered books/index.html.erb within layouts/application (22.7ms)
Completed 200 OK in 84ms (Views: 81.1ms | ActiveRecord: 0.8ms)


Started GET "/books" for 127.0.0.1 at 2018-05-16 14:00:57 +0200
Processing by BooksController#index as HTML
  Rendering books/index.html.erb within layouts/application
  [1m[36mBook Load (0.4ms)[0m  [1m[34mSELECT  "books".* FROM "books" ORDER BY title asc LIMIT ? OFFSET ?[0m  [["LIMIT", 5], ["OFFSET", 0]]
  ↳ app/views/books/index.html.erb:28
  [1m[36mBook Load (0.6ms)[0m  [1m[34mSELECT  "books".* FROM "books" ORDER BY title asc LIMIT ? OFFSET ?[0m  [["LIMIT", 1], ["OFFSET", 0]]
  ↳ app/views/books/index.html.erb:45
  Rendered books/index.html.erb within layouts/application (14.5ms)
Completed 200 OK in 76ms (Views: 73.4ms | ActiveRecord: 1.0ms)


Started GET "/books/" for 127.0.0.1 at 2018-05-16 14:09:24 +0200
  [1m[35m (0.4ms)[0m  [1m[34mSELECT "schema_migrations"."version" FROM "schema_migrations" ORDER BY "schema_migrations"."version" ASC[0m
  ↳ /home/sk/.rvm/gems/ruby-2.5.0/gems/activerecord-5.2.0/lib/active_record/log_subscriber.rb:98
  
ActiveRecord::PendingMigrationError (

Migrations are pending. To resolve this issue, run:

        bin/rails db:migrate RAILS_ENV=development

):
  
activerecord (5.2.0) lib/active_record/migration.rb:579:in `check_pending!'
activerecord (5.2.0) lib/active_record/migration.rb:556:in `call'
actionpack (5.2.0) lib/action_dispatch/middleware/callbacks.rb:28:in `block in call'
activesupport (5.2.0) lib/active_support/callbacks.rb:98:in `run_callbacks'
actionpack (5.2.0) lib/action_dispatch/middleware/callbacks.rb:26:in `call'
actionpack (5.2.0) lib/action_dispatch/middleware/executor.rb:14:in `call'
actionpack (5.2.0) lib/action_dispatch/middleware/debug_exceptions.rb:61:in `call'
web-console (3.6.0) lib/web_console/middleware.rb:137:in `call_app'
web-console (3.6.0) lib/web_console/middleware.rb:30:in `block in call'
web-console (3.6.0) lib/web_console/middleware.rb:20:in `catch'
web-console (3.6.0) lib/web_console/middleware.rb:20:in `call'
actionpack (5.2.0) lib/action_dispatch/middleware/show_exceptions.rb:33:in `call'
railties (5.2.0) lib/rails/rack/logger.rb:38:in `call_app'
railties (5.2.0) lib/rails/rack/logger.rb:26:in `block in call'
activesupport (5.2.0) lib/active_support/tagged_logging.rb:71:in `block in tagged'
activesupport (5.2.0) lib/active_support/tagged_logging.rb:28:in `tagged'
activesupport (5.2.0) lib/active_support/tagged_logging.rb:71:in `tagged'
railties (5.2.0) lib/rails/rack/logger.rb:26:in `call'
sprockets-rails (3.2.1) lib/sprockets/rails/quiet_assets.rb:13:in `call'
actionpack (5.2.0) lib/action_dispatch/middleware/remote_ip.rb:81:in `call'
actionpack (5.2.0) lib/action_dispatch/middleware/request_id.rb:27:in `call'
rack (2.0.4) lib/rack/method_override.rb:22:in `call'
rack (2.0.4) lib/rack/runtime.rb:22:in `call'
activesupport (5.2.0) lib/active_support/cache/strategy/local_cache_middleware.rb:29:in `call'
actionpack (5.2.0) lib/action_dispatch/middleware/executor.rb:14:in `call'
actionpack (5.2.0) lib/action_dispatch/middleware/static.rb:127:in `call'
rack (2.0.4) lib/rack/sendfile.rb:111:in `call'
railties (5.2.0) lib/rails/engine.rb:524:in `call'
puma (3.11.3) lib/puma/configuration.rb:225:in `call'
puma (3.11.3) lib/puma/server.rb:624:in `handle_request'
puma (3.11.3) lib/puma/server.rb:438:in `process_client'
puma (3.11.3) lib/puma/server.rb:302:in `block in run'
puma (3.11.3) lib/puma/thread_pool.rb:120:in `block in spawn_thread'
  [1m[35m (0.2ms)[0m  [1m[34mSELECT "schema_migrations"."version" FROM "schema_migrations" ORDER BY "schema_migrations"."version" ASC[0m
  ↳ bin/rails:9
Migrating to CreateGenres (20180516120641)
  [1m[35m (0.1ms)[0m  [1m[36mbegin transaction[0m
  ↳ bin/rails:9
  [1m[35m (0.1ms)[0m  [1m[34mSELECT sqlite_version(*)[0m
  ↳ db/migrate/20180516120641_create_genres.rb:3
  [1m[35m (8.5ms)[0m  [1m[35mCREATE TABLE "genres" ("id" integer PRIMARY KEY AUTOINCREMENT NOT NULL, "name" varchar, "desc" text, "created_at" datetime NOT NULL, "updated_at" datetime NOT NULL)[0m
  ↳ db/migrate/20180516120641_create_genres.rb:3
  [1m[36mActiveRecord::SchemaMigration Create (13.1ms)[0m  [1m[32mINSERT INTO "schema_migrations" ("version") VALUES (?)[0m  [["version", "20180516120641"]]
  ↳ bin/rails:9
  [1m[35m (40.4ms)[0m  [1m[36mcommit transaction[0m
  ↳ bin/rails:9
  [1m[36mActiveRecord::InternalMetadata Load (0.3ms)[0m  [1m[34mSELECT  "ar_internal_metadata".* FROM "ar_internal_metadata" WHERE "ar_internal_metadata"."key" = ? LIMIT ?[0m  [["key", "environment"], ["LIMIT", 1]]
  ↳ bin/rails:9
  [1m[35m (0.1ms)[0m  [1m[36mbegin transaction[0m
  ↳ bin/rails:9
  [1m[35m (0.1ms)[0m  [1m[36mcommit transaction[0m
  ↳ bin/rails:9
  [1m[35m (0.2ms)[0m  [1m[34mSELECT "schema_migrations"."version" FROM "schema_migrations" ORDER BY "schema_migrations"."version" ASC[0m
  ↳ bin/rails:9
Started GET "/books" for 127.0.0.1 at 2018-05-16 14:09:57 +0200
  [1m[35m (0.3ms)[0m  [1m[34mSELECT "schema_migrations"."version" FROM "schema_migrations" ORDER BY "schema_migrations"."version" ASC[0m
  ↳ /home/sk/.rvm/gems/ruby-2.5.0/gems/activerecord-5.2.0/lib/active_record/log_subscriber.rb:98
Processing by BooksController#index as HTML
  Rendering books/index.html.erb within layouts/application
  [1m[36mBook Load (0.5ms)[0m  [1m[34mSELECT  "books".* FROM "books" ORDER BY title asc LIMIT ? OFFSET ?[0m  [["LIMIT", 5], ["OFFSET", 0]]
  ↳ app/views/books/index.html.erb:28
  [1m[36mBook Load (0.5ms)[0m  [1m[34mSELECT  "books".* FROM "books" ORDER BY title asc LIMIT ? OFFSET ?[0m  [["LIMIT", 1], ["OFFSET", 0]]
  ↳ app/views/books/index.html.erb:45
  Rendered books/index.html.erb within layouts/application (29.1ms)
Completed 500 Internal Server Error in 1773ms (ActiveRecord: 1.9ms)


  
ActionView::Template::Error (undefined local variable or method `genress_path' for #<#<Class:0x00007f7b309b60d8>:0x000000000458ada0>
Did you mean?  genres_path
               genre_path):
    26: 		    </div>
    27:         <div class="navbar-collapse">
    28: 			    <ul class="navbar-nav mr-auto">
    29: 				    <li class="nav-item"><%= link_to "Genres", genress_path, :class => "nav-link" %></li>
    30: 			    </ul>
    31: 		    </div>
    32: 	    </div>
  
app/views/layouts/application.html.erb:29:in `_app_views_layouts_application_html_erb__276074655300087452_36435640'
Started GET "/books" for 127.0.0.1 at 2018-05-16 14:10:17 +0200
Processing by BooksController#index as HTML
  Rendering books/index.html.erb within layouts/application
  [1m[36mBook Load (0.5ms)[0m  [1m[34mSELECT  "books".* FROM "books" ORDER BY title asc LIMIT ? OFFSET ?[0m  [["LIMIT", 5], ["OFFSET", 0]]
  ↳ app/views/books/index.html.erb:28
  [1m[36mBook Load (0.4ms)[0m  [1m[34mSELECT  "books".* FROM "books" ORDER BY title asc LIMIT ? OFFSET ?[0m  [["LIMIT", 1], ["OFFSET", 0]]
  ↳ app/views/books/index.html.erb:45
  Rendered books/index.html.erb within layouts/application (20.3ms)
Completed 200 OK in 107ms (Views: 104.1ms | ActiveRecord: 0.9ms)


Started GET "/genres" for 127.0.0.1 at 2018-05-16 14:10:24 +0200
Processing by GenresController#index as HTML
  Rendering genres/index.html.erb within layouts/application
  [1m[36mGenre Load (0.2ms)[0m  [1m[34mSELECT "genres".* FROM "genres"[0m
  ↳ app/views/genres/index.html.erb:15
  Rendered genres/index.html.erb within layouts/application (5.0ms)
Completed 200 OK in 133ms (Views: 114.9ms | ActiveRecord: 0.8ms)


Started GET "/genres" for 127.0.0.1 at 2018-05-16 14:10:31 +0200
Processing by GenresController#index as HTML
  Rendering genres/index.html.erb within layouts/application
  [1m[36mGenre Load (0.3ms)[0m  [1m[34mSELECT "genres".* FROM "genres"[0m
  ↳ app/views/genres/index.html.erb:15
  Rendered genres/index.html.erb within layouts/application (32.2ms)
Completed 200 OK in 187ms (Views: 184.5ms | ActiveRecord: 0.3ms)


Started GET "/genres/new" for 127.0.0.1 at 2018-05-16 14:10:32 +0200
Processing by GenresController#new as HTML
  Rendering genres/new.html.erb within layouts/application
  Rendered genres/_form.html.erb (32.9ms)
  Rendered genres/new.html.erb within layouts/application (35.5ms)
Completed 200 OK in 142ms (Views: 105.3ms | ActiveRecord: 0.8ms)


Started GET "/genres/new" for 127.0.0.1 at 2018-05-16 14:10:37 +0200
Processing by GenresController#new as HTML
  Rendering genres/new.html.erb within layouts/application
  Rendered genres/_form.html.erb (3.6ms)
  Rendered genres/new.html.erb within layouts/application (5.8ms)
Completed 200 OK in 58ms (Views: 55.7ms | ActiveRecord: 0.0ms)


Started GET "/genres" for 127.0.0.1 at 2018-05-16 14:11:05 +0200
Processing by GenresController#index as HTML
  Rendering genres/index.html.erb within layouts/application
  [1m[36mGenre Load (0.3ms)[0m  [1m[34mSELECT "genres".* FROM "genres"[0m
  ↳ app/views/genres/index.html.erb:15
  Rendered genres/index.html.erb within layouts/application (2.2ms)
Completed 200 OK in 54ms (Views: 51.7ms | ActiveRecord: 0.3ms)


Started GET "/books" for 127.0.0.1 at 2018-05-16 14:11:08 +0200
Processing by BooksController#index as HTML
  Rendering books/index.html.erb within layouts/application
  [1m[36mBook Load (13.1ms)[0m  [1m[34mSELECT  "books".* FROM "books" ORDER BY title asc LIMIT ? OFFSET ?[0m  [["LIMIT", 5], ["OFFSET", 0]]
  ↳ app/views/books/index.html.erb:28
  [1m[36mBook Load (0.4ms)[0m  [1m[34mSELECT  "books".* FROM "books" ORDER BY title asc LIMIT ? OFFSET ?[0m  [["LIMIT", 1], ["OFFSET", 0]]
  ↳ app/views/books/index.html.erb:45
  Rendered books/index.html.erb within layouts/application (27.3ms)
Completed 200 OK in 107ms (Views: 91.8ms | ActiveRecord: 13.5ms)


Started GET "/books" for 127.0.0.1 at 2018-05-16 14:11:09 +0200
Processing by BooksController#index as HTML
  Rendering books/index.html.erb within layouts/application
  [1m[36mBook Load (0.6ms)[0m  [1m[34mSELECT  "books".* FROM "books" ORDER BY title asc LIMIT ? OFFSET ?[0m  [["LIMIT", 5], ["OFFSET", 0]]
  ↳ app/views/books/index.html.erb:28
  [1m[36mBook Load (0.3ms)[0m  [1m[34mSELECT  "books".* FROM "books" ORDER BY title asc LIMIT ? OFFSET ?[0m  [["LIMIT", 1], ["OFFSET", 0]]
  ↳ app/views/books/index.html.erb:45
  Rendered books/index.html.erb within layouts/application (30.6ms)
Completed 200 OK in 116ms (Views: 113.5ms | ActiveRecord: 0.9ms)


Started GET "/genres" for 127.0.0.1 at 2018-05-16 14:11:10 +0200
Processing by GenresController#index as HTML
  Rendering genres/index.html.erb within layouts/application
  [1m[36mGenre Load (0.2ms)[0m  [1m[34mSELECT "genres".* FROM "genres"[0m
  ↳ app/views/genres/index.html.erb:15
  Rendered genres/index.html.erb within layouts/application (7.4ms)
Completed 200 OK in 152ms (Views: 150.3ms | ActiveRecord: 0.2ms)


Started GET "/books" for 127.0.0.1 at 2018-05-16 14:11:11 +0200
Processing by BooksController#index as HTML
  Rendering books/index.html.erb within layouts/application
  [1m[36mBook Load (0.6ms)[0m  [1m[34mSELECT  "books".* FROM "books" ORDER BY title asc LIMIT ? OFFSET ?[0m  [["LIMIT", 5], ["OFFSET", 0]]
  ↳ app/views/books/index.html.erb:28
  [1m[36mBook Load (0.4ms)[0m  [1m[34mSELECT  "books".* FROM "books" ORDER BY title asc LIMIT ? OFFSET ?[0m  [["LIMIT", 1], ["OFFSET", 0]]
  ↳ app/views/books/index.html.erb:45
  Rendered books/index.html.erb within layouts/application (24.0ms)
Completed 200 OK in 70ms (Views: 67.6ms | ActiveRecord: 1.0ms)


Started GET "/genres" for 127.0.0.1 at 2018-05-16 14:11:14 +0200
Processing by GenresController#index as HTML
  Rendering genres/index.html.erb within layouts/application
  [1m[36mGenre Load (0.2ms)[0m  [1m[34mSELECT "genres".* FROM "genres"[0m
  ↳ app/views/genres/index.html.erb:15
  Rendered genres/index.html.erb within layouts/application (2.6ms)
Completed 200 OK in 35ms (Views: 33.5ms | ActiveRecord: 0.2ms)


